[INFO] Disabling enhanced local repository: using legacy is strongly discouraged to ensure build reproducibility.
[INFO] Scanning for projects...
[INFO] 
[INFO] ----------< org.example.orionprojet1.job:Job01_Customer_Dim >-----------
[INFO] Building ORIONPROJET1 Job01_Customer_Dim-0.1.0 (0.1,Jobs) 0.1.0
[INFO] --------------------------------[ jar ]---------------------------------
[WARNING] The POM for commons-collections:commons-collections:jar:3.2.2 is missing, no dependency information available
[WARNING] The POM for org.dom4j:dom4j:jar:2.1.1 is missing, no dependency information available
[WARNING] The POM for org.apache.logging.log4j:log4j-api:jar:2.12.1 is missing, no dependency information available
[WARNING] The POM for org.apache.logging.log4j:log4j-core:jar:2.12.1 is missing, no dependency information available
[WARNING] The POM for org.apache.logging.log4j:log4j-slf4j-impl:jar:2.12.1 is missing, no dependency information available
[INFO] 
[INFO] --- maven-resources-plugin:3.0.2:resources (default-resources) @ Job01_Customer_Dim ---
[WARNING] Using platform encoding (UTF-8 actually) to copy filtered resources, i.e. build is platform dependent!
[INFO] Copying 1 resource
[INFO] 
[INFO] --- maven-compiler-plugin:3.6.1:compile (default-compile) @ Job01_Customer_Dim ---
[WARNING] The POM for org.eclipse.platform:org.eclipse.osgi:jar:3.13.300 is missing, no dependency information available
[WARNING] The POM for org.apache.commons:commons-exec:jar:1.2 is missing, no dependency information available
[INFO] Not compiling main sources
[INFO] 
[INFO] --- maven-resources-plugin:3.0.2:testResources (default-testResources) @ Job01_Customer_Dim ---
[INFO] Not copying test resources
[INFO] 
[INFO] --- maven-compiler-plugin:3.6.1:testCompile (default-testCompile) @ Job01_Customer_Dim ---
[INFO] Not compiling test sources
[INFO] 
[INFO] --- maven-surefire-plugin:2.20:test (default-test) @ Job01_Customer_Dim ---
[INFO] Tests are skipped.
[INFO] 
[INFO] --- maven-jar-plugin:3.0.2:jar (default-jar) @ Job01_Customer_Dim ---
[INFO] Building jar: C:\OTALEND\TOS_DI-Win32-20200219_1130-V7.3.1\workspace\ORIONPROJET1\poms\jobs\process\job01_customer_dim_0.1\target\job01_customer_dim_0_1.jar
[INFO] 
[INFO] --- maven-assembly-plugin:3.0.0:single (default) @ Job01_Customer_Dim ---
[INFO] Reading assembly descriptor: C:\OTALEND\TOS_DI-Win32-20200219_1130-V7.3.1\workspace\ORIONPROJET1\poms\jobs\process\job01_customer_dim_0.1/src/main/assemblies/assembly.xml
[WARNING] Missing POM for commons-collections:commons-collections:jar:3.2.2
[WARNING] Missing POM for org.dom4j:dom4j:jar:2.1.1
[WARNING] Missing POM for org.apache.logging.log4j:log4j-api:jar:2.12.1
[WARNING] Missing POM for org.apache.logging.log4j:log4j-core:jar:2.12.1
[WARNING] Missing POM for org.apache.logging.log4j:log4j-slf4j-impl:jar:2.12.1
[INFO] Building zip: C:\OTALEND\TOS_DI-Win32-20200219_1130-V7.3.1\workspace\ORIONPROJET1\poms\jobs\process\job01_customer_dim_0.1\target\job01_customer_dim_0_1.zip
[INFO] ------------------------------------------------------------------------
[INFO] BUILD SUCCESS
[INFO] ------------------------------------------------------------------------
[INFO] Total time: 5.028 s
[INFO] Finished at: 2021-05-21T12:29:36+01:00
[INFO] ------------------------------------------------------------------------
